Using pre-set license
Built from '2020.3/staging' branch; Version is '2020.3.30f1 (1fb1bf06830e) revision 2077119'; Using compiler version '192528614'; Build Type 'Release'
OS: 'Windows 11  (10.0.22621) 64bit Core' Language: 'ko' Physical Memory: 16303 MB
BatchMode: 1, IsHumanControllingUs: 0, StartBugReporterOnCrash: 0, Is64bit: 1, IsPro: 0

COMMAND LINE ARGUMENTS:
C:\Program Files\Unity\Hub\Editor\2020.3.30f1\Editor\Unity.exe
-adb2
-batchMode
-noUpm
-name
AssetImportWorker0
-projectPath
D:/Githubs/20402-4-
-logFile
Logs/AssetImportWorker0.log
-srvPort
53551
Successfully changed project path to: D:/Githubs/20402-4-
D:/Githubs/20402-4-
Using Asset Import Pipeline V2.
Refreshing native plugins compatible for Editor in 55.25 ms, found 2 plugins.
Preloading 0 native plugins for Editor in 0.00 ms.
Initialize engine version: 2020.3.30f1 (1fb1bf06830e)
[Subsystems] Discovering subsystems at path C:/Program Files/Unity/Hub/Editor/2020.3.30f1/Editor/Data/Resources/UnitySubsystems
[Subsystems] Discovering subsystems at path D:/Githubs/20402-4-/Assets
GfxDevice: creating device client; threaded=0
Direct3D:
    Version:  Direct3D 11.0 [level 11.1]
    Renderer: NVIDIA GeForce RTX 2060 (ID=0x1f51)
    Vendor:   
    VRAM:     5980 MB
    Driver:   31.0.15.1694
Initialize mono
Mono path[0] = 'C:/Program Files/Unity/Hub/Editor/2020.3.30f1/Editor/Data/Managed'
Mono path[1] = 'C:/Program Files/Unity/Hub/Editor/2020.3.30f1/Editor/Data/MonoBleedingEdge/lib/mono/unityjit'
Mono config path = 'C:/Program Files/Unity/Hub/Editor/2020.3.30f1/Editor/Data/MonoBleedingEdge/etc'
Using monoOptions --debugger-agent=transport=dt_socket,embedding=1,server=y,suspend=n,address=127.0.0.1:56384
Begin MonoManager ReloadAssembly
Registering precompiled unity dll's ...
Register platform support module: C:/Program Files/Unity/Hub/Editor/2020.3.30f1/Editor/Data/PlaybackEngines/WindowsStandaloneSupport/UnityEditor.WindowsStandalone.Extensions.dll
Registered in 0.003065 seconds.
Native extension for WindowsStandalone target not found
Refreshing native plugins compatible for Editor in 67.85 ms, found 2 plugins.
Preloading 0 native plugins for Editor in 0.00 ms.
Mono: successfully reloaded assembly
- Completed reload, in  0.966 seconds
Domain Reload Profiling:
	ReloadAssembly (966ms)
		BeginReloadAssembly (125ms)
			ExecutionOrderSort (0ms)
			DisableScriptedObjects (0ms)
			BackupInstance (0ms)
			ReleaseScriptingObjects (0ms)
			CreateAndSetChildDomain (1ms)
		EndReloadAssembly (715ms)
			LoadAssemblies (121ms)
			RebuildTransferFunctionScriptingTraits (0ms)
			SetupTypeCache (236ms)
			ReleaseScriptCaches (0ms)
			RebuildScriptCaches (48ms)
			SetupLoadedEditorAssemblies (263ms)
				LogAssemblyErrors (0ms)
				InitializePlatformSupportModulesInManaged (6ms)
				SetLoadedEditorAssemblies (0ms)
				RefreshPlugins (68ms)
				BeforeProcessingInitializeOnLoad (22ms)
				ProcessInitializeOnLoadAttributes (124ms)
				ProcessInitializeOnLoadMethodAttributes (42ms)
				AfterProcessingInitializeOnLoad (0ms)
				EditorAssembliesLoaded (0ms)
			ExecutionOrderSort2 (0ms)
			AwakeInstancesAfterBackupRestoration (0ms)
Platform modules already initialized, skipping
Registering precompiled user dll's ...
Registered in 0.006824 seconds.
Begin MonoManager ReloadAssembly
Native extension for WindowsStandalone target not found
Refreshing native plugins compatible for Editor in 0.48 ms, found 2 plugins.
Preloading 0 native plugins for Editor in 0.00 ms.
Mono: successfully reloaded assembly
- Completed reload, in  1.739 seconds
Domain Reload Profiling:
	ReloadAssembly (1740ms)
		BeginReloadAssembly (277ms)
			ExecutionOrderSort (0ms)
			DisableScriptedObjects (7ms)
			BackupInstance (0ms)
			ReleaseScriptingObjects (0ms)
			CreateAndSetChildDomain (28ms)
		EndReloadAssembly (1355ms)
			LoadAssemblies (190ms)
			RebuildTransferFunctionScriptingTraits (0ms)
			SetupTypeCache (439ms)
			ReleaseScriptCaches (1ms)
			RebuildScriptCaches (75ms)
			SetupLoadedEditorAssemblies (532ms)
				LogAssemblyErrors (0ms)
				InitializePlatformSupportModulesInManaged (7ms)
				SetLoadedEditorAssemblies (1ms)
				RefreshPlugins (1ms)
				BeforeProcessingInitializeOnLoad (145ms)
				ProcessInitializeOnLoadAttributes (349ms)
				ProcessInitializeOnLoadMethodAttributes (17ms)
				AfterProcessingInitializeOnLoad (13ms)
				EditorAssembliesLoaded (0ms)
			ExecutionOrderSort2 (0ms)
			AwakeInstancesAfterBackupRestoration (10ms)
Platform modules already initialized, skipping
========================================================================
Worker process is ready to serve import requests
Launched and connected shader compiler UnityShaderCompiler.exe after 0.10 seconds
Refreshing native plugins compatible for Editor in 0.47 ms, found 2 plugins.
Preloading 0 native plugins for Editor in 0.00 ms.
Unloading 1669 Unused Serialized files (Serialized files now loaded: 0)
System memory in use before: 167.3 MB.
System memory in use after: 167.4 MB.

Unloading 18 unused Assets to reduce memory usage. Loaded Objects now: 2141.
Total: 3.702600 ms (FindLiveObjects: 0.170400 ms CreateObjectMapping: 0.086100 ms MarkObjects: 3.412300 ms  DeleteObjects: 0.032600 ms)

AssetImportParameters requested are different than current active one (requested -> active):
  custom:framework-win-MediaFoundation: 216162199b28c13a410421893ffa2e32 -> 
  custom:video-decoder-ogg-theora: a1e56fd34408186e4bbccfd4996cb3dc -> 
  custom:container-muxer-webm: aa71ff27fc2769a1b78a27578f13a17b -> 
  custom:container-demuxer-webm: 4f35f7cbe854078d1ac9338744f61a02 -> 
  custom:container-demuxer-ogg: 62fdf1f143b41e24485cea50d1cbac27 -> 
  custom:video-encoder-webm-vp8: eb34c28f22e8b96e1ab97ce403110664 -> 
  custom:video-decoder-webm-vp8: 9c59270c3fd7afecdb556c50c9e8de78 -> 
  custom:audio-decoder-ogg-vorbis: bf7c407c2cedff20999df2af8eb42d56 -> 
  custom:audio-encoder-webm-vorbis: bf7c407c2cedff20999df2af8eb42d56 -> 
========================================================================
Received Import Request.
  path: Assets/Polygonal Metalon
  artifactKey: Guid(a5814815775deac4fa1830ede328e7a8) Importer(815301076,1909f56bfc062723c751e8b465ee728b)
Start importing Assets/Polygonal Metalon using Guid(a5814815775deac4fa1830ede328e7a8) Importer(815301076,1909f56bfc062723c751e8b465ee728b)  -> (artifact id: '842baabe856c1849276531e16ce05ce3') in 0.065916 seconds 
========================================================================
Received Import Request.
  Time since last request: 0.000366 seconds.
  path: Assets/Scripts/GrenadeCtrl.cs
  artifactKey: Guid(8d131ac309a0dc74db1d05814ae6f021) Importer(815301076,1909f56bfc062723c751e8b465ee728b)
Start importing Assets/Scripts/GrenadeCtrl.cs using Guid(8d131ac309a0dc74db1d05814ae6f021) Importer(815301076,1909f56bfc062723c751e8b465ee728b)  -> (artifact id: 'cbef2be7efff2bc59851f7747444e1b7') in 0.121763 seconds 
========================================================================
Received Import Request.
  Time since last request: 0.000330 seconds.
  path: Assets/Materials
  artifactKey: Guid(0d4e464e3a01b0847b2947c0f8028343) Importer(815301076,1909f56bfc062723c751e8b465ee728b)
Start importing Assets/Materials using Guid(0d4e464e3a01b0847b2947c0f8028343) Importer(815301076,1909f56bfc062723c751e8b465ee728b)  -> (artifact id: '43ae4c74e0e2e9f8cbba65c5ee00a791') in 0.007577 seconds 
========================================================================
Received Import Request.
  Time since last request: 0.000417 seconds.
  path: Assets/Scripts/PlayerCtrl.cs
  artifactKey: Guid(96551eb8856f56c418f16e6717464e91) Importer(815301076,1909f56bfc062723c751e8b465ee728b)
Start importing Assets/Scripts/PlayerCtrl.cs using Guid(96551eb8856f56c418f16e6717464e91) Importer(815301076,1909f56bfc062723c751e8b465ee728b)  -> (artifact id: '00c93ad1c6a4416b4e087da0cf957a02') in 0.009039 seconds 
========================================================================
Received Import Request.
  Time since last request: 0.000383 seconds.
  path: Assets/Resources
  artifactKey: Guid(38736724f15c755489296edaf9bb3384) Importer(815301076,1909f56bfc062723c751e8b465ee728b)
Start importing Assets/Resources using Guid(38736724f15c755489296edaf9bb3384) Importer(815301076,1909f56bfc062723c751e8b465ee728b)  -> (artifact id: 'b6ed0d99ab9082dd119032de169b0161') in 0.007299 seconds 
========================================================================
Received Import Request.
  Time since last request: 0.380659 seconds.
  path: Assets/Scripts/GameManager.cs
  artifactKey: Guid(32a616cad85629e4480c86d8433e25c3) Importer(815301076,1909f56bfc062723c751e8b465ee728b)
Start importing Assets/Scripts/GameManager.cs using Guid(32a616cad85629e4480c86d8433e25c3) Importer(815301076,1909f56bfc062723c751e8b465ee728b)  -> (artifact id: '9a5a87e7f3d101c7694890c7c02da325') in 0.007699 seconds 
========================================================================
Received Import Request.
  Time since last request: 22.515893 seconds.
  path: Assets/Scenes
  artifactKey: Guid(6b2ec921015733c4392bc6bd75b3156c) Importer(815301076,1909f56bfc062723c751e8b465ee728b)
Start importing Assets/Scenes using Guid(6b2ec921015733c4392bc6bd75b3156c) Importer(815301076,1909f56bfc062723c751e8b465ee728b)  -> (artifact id: '5980d2c55619e862846189bd0b01202e') in 0.077745 seconds 
========================================================================
Received Import Request.
  Time since last request: 9.949565 seconds.
  path: Assets/Scripts/CameraCtrl.cs
  artifactKey: Guid(71490b1613f59d2419d68dadd18d9716) Importer(815301076,1909f56bfc062723c751e8b465ee728b)
Start importing Assets/Scripts/CameraCtrl.cs using Guid(71490b1613f59d2419d68dadd18d9716) Importer(815301076,1909f56bfc062723c751e8b465ee728b)  -> (artifact id: 'cd474e30ab4f5b2848005a20e63adac8') in 0.008901 seconds 
========================================================================
Received Import Request.
  Time since last request: 14.348452 seconds.
  path: Assets/Prefabs
  artifactKey: Guid(141456d4494de384e88f08afafc02974) Importer(815301076,1909f56bfc062723c751e8b465ee728b)
Start importing Assets/Prefabs using Guid(141456d4494de384e88f08afafc02974) Importer(815301076,1909f56bfc062723c751e8b465ee728b)  -> (artifact id: '1f654af92c6e4d4024a0e8612e5cb127') in 0.008207 seconds 
========================================================================
Received Import Request.
  Time since last request: 1.135045 seconds.
  path: Assets/Prefabs/aimdot.png
  artifactKey: Guid(99f4aff30486e7c4b876c3f7ad3c9426) Importer(815301076,1909f56bfc062723c751e8b465ee728b)
Start importing Assets/Prefabs/aimdot.png using Guid(99f4aff30486e7c4b876c3f7ad3c9426) Importer(815301076,1909f56bfc062723c751e8b465ee728b)  -> (artifact id: 'ba383dc7af42b0ef1be5b64443d16af8') in 0.192191 seconds 
========================================================================
Received Import Request.
  Time since last request: 0.294352 seconds.
  path: Assets/Prefabs/Grenade.prefab
  artifactKey: Guid(e431f55f0b268ff459d7a7a924b28ac6) Importer(815301076,1909f56bfc062723c751e8b465ee728b)
Start importing Assets/Prefabs/Grenade.prefab using Guid(e431f55f0b268ff459d7a7a924b28ac6) Importer(815301076,1909f56bfc062723c751e8b465ee728b)  -> (artifact id: '491e1168cfe9f7f3ac2e4b7bade33c0a') in 0.111646 seconds 
========================================================================
Received Import Request.
  Time since last request: 5.376738 seconds.
  path: Assets/Prefabs/money.prefab
  artifactKey: Guid(551138fae79d26b43ae393b14d26b3d5) Importer(815301076,1909f56bfc062723c751e8b465ee728b)
Start importing Assets/Prefabs/money.prefab using Guid(551138fae79d26b43ae393b14d26b3d5) Importer(815301076,1909f56bfc062723c751e8b465ee728b)  -> (artifact id: '04442eaa0b2850f46de82388cde11325') in 0.027689 seconds 
========================================================================
Received Import Request.
  Time since last request: 11.092468 seconds.
  path: Assets/Scripts/ItemMove.cs
  artifactKey: Guid(a62c453d269e57a4495acec05897f6d7) Importer(815301076,1909f56bfc062723c751e8b465ee728b)
Start importing Assets/Scripts/ItemMove.cs using Guid(a62c453d269e57a4495acec05897f6d7) Importer(815301076,1909f56bfc062723c751e8b465ee728b)  -> (artifact id: '912a7fc45f52986d2f1a8e223e2dfdb9') in 0.007976 seconds 
========================================================================
Received Import Request.
  Time since last request: 37.635787 seconds.
  path: Assets/Scripts/ShootEffectCtrl.cs
  artifactKey: Guid(ccaf3e99617b47f4a9e1db4aa238b94d) Importer(815301076,1909f56bfc062723c751e8b465ee728b)
Start importing Assets/Scripts/ShootEffectCtrl.cs using Guid(ccaf3e99617b47f4a9e1db4aa238b94d) Importer(815301076,1909f56bfc062723c751e8b465ee728b)  -> (artifact id: '93492cbdf3b527c592622cfd0b6b5059') in 0.008339 seconds 
========================================================================
Received Import Request.
  Time since last request: 0.614253 seconds.
  path: Assets/Scripts/TextMove.cs
  artifactKey: Guid(0865319ec0bad7341bc7b903999acfc2) Importer(815301076,1909f56bfc062723c751e8b465ee728b)
Start importing Assets/Scripts/TextMove.cs using Guid(0865319ec0bad7341bc7b903999acfc2) Importer(815301076,1909f56bfc062723c751e8b465ee728b)  -> (artifact id: '3238235b800112fe4b7cc4daf0da548b') in 0.009945 seconds 
========================================================================
Received Import Request.
  Time since last request: 0.395706 seconds.
  path: Assets/Scripts/Tuto.cs
  artifactKey: Guid(9a7fb34fc5801d8419c9b1091f1df49c) Importer(815301076,1909f56bfc062723c751e8b465ee728b)
Start importing Assets/Scripts/Tuto.cs using Guid(9a7fb34fc5801d8419c9b1091f1df49c) Importer(815301076,1909f56bfc062723c751e8b465ee728b)  -> (artifact id: 'bd621e62cfc49878db07274b6d8f2957') in 0.007247 seconds 
========================================================================
Received Prepare
Refreshing native plugins compatible for Editor in 4.75 ms, found 2 plugins.
Preloading 0 native plugins for Editor in 0.00 ms.
Unloading 11 Unused Serialized files (Serialized files now loaded: 0)
System memory in use before: 137.5 MB.
System memory in use after: 137.6 MB.

Unloading 12 unused Assets to reduce memory usage. Loaded Objects now: 2153.
Total: 4.190500 ms (FindLiveObjects: 0.159300 ms CreateObjectMapping: 0.080400 ms MarkObjects: 3.928000 ms  DeleteObjects: 0.021800 ms)

AssetImportParameters requested are different than current active one (requested -> active):
  custom:framework-win-MediaFoundation: 216162199b28c13a410421893ffa2e32 -> 
  custom:video-decoder-ogg-theora: a1e56fd34408186e4bbccfd4996cb3dc -> 
  custom:container-muxer-webm: aa71ff27fc2769a1b78a27578f13a17b -> 
  custom:container-demuxer-webm: 4f35f7cbe854078d1ac9338744f61a02 -> 
  custom:container-demuxer-ogg: 62fdf1f143b41e24485cea50d1cbac27 -> 
  custom:video-encoder-webm-vp8: eb34c28f22e8b96e1ab97ce403110664 -> 
  custom:video-decoder-webm-vp8: 9c59270c3fd7afecdb556c50c9e8de78 -> 
  custom:audio-decoder-ogg-vorbis: bf7c407c2cedff20999df2af8eb42d56 -> 
  custom:audio-encoder-webm-vorbis: bf7c407c2cedff20999df2af8eb42d56 -> 
========================================================================
Received Import Request.
  Time since last request: 14.705089 seconds.
  path: Assets/Prefabs/Grenade.prefab
  artifactKey: Guid(e431f55f0b268ff459d7a7a924b28ac6) Importer(815301076,1909f56bfc062723c751e8b465ee728b)
Start importing Assets/Prefabs/Grenade.prefab using Guid(e431f55f0b268ff459d7a7a924b28ac6) Importer(815301076,1909f56bfc062723c751e8b465ee728b)  -> (artifact id: '1e5c7460bbbc5c20435568a1163a3beb') in 0.044693 seconds 
========================================================================
Received Import Request.
  Time since last request: 1.526910 seconds.
  path: Assets/Prefabs/TextMove 1.prefab
  artifactKey: Guid(cc928272e87a9fd459a1d89b540bdabe) Importer(815301076,1909f56bfc062723c751e8b465ee728b)
Start importing Assets/Prefabs/TextMove 1.prefab using Guid(cc928272e87a9fd459a1d89b540bdabe) Importer(815301076,1909f56bfc062723c751e8b465ee728b)  -> (artifact id: '4a5a0443514809a5128977d79024fbef') in 0.049362 seconds 
========================================================================
Received Prepare
Registering precompiled user dll's ...
Registered in 0.013952 seconds.
Begin MonoManager ReloadAssembly
Native extension for WindowsStandalone target not found
Refreshing native plugins compatible for Editor in 0.75 ms, found 2 plugins.
Preloading 0 native plugins for Editor in 0.00 ms.
Mono: successfully reloaded assembly
- Completed reload, in  3.353 seconds
Domain Reload Profiling:
	ReloadAssembly (3354ms)
		BeginReloadAssembly (236ms)
			ExecutionOrderSort (0ms)
			DisableScriptedObjects (9ms)
			BackupInstance (0ms)
			ReleaseScriptingObjects (0ms)
			CreateAndSetChildDomain (61ms)
		EndReloadAssembly (2982ms)
			LoadAssemblies (204ms)
			RebuildTransferFunctionScriptingTraits (0ms)
			SetupTypeCache (1114ms)
			ReleaseScriptCaches (2ms)
			RebuildScriptCaches (126ms)
			SetupLoadedEditorAssemblies (1209ms)
				LogAssemblyErrors (0ms)
				InitializePlatformSupportModulesInManaged (11ms)
				SetLoadedEditorAssemblies (1ms)
				RefreshPlugins (1ms)
				BeforeProcessingInitializeOnLoad (252ms)
				ProcessInitializeOnLoadAttributes (887ms)
				ProcessInitializeOnLoadMethodAttributes (35ms)
				AfterProcessingInitializeOnLoad (22ms)
				EditorAssembliesLoaded (1ms)
			ExecutionOrderSort2 (0ms)
			AwakeInstancesAfterBackupRestoration (19ms)
Platform modules already initialized, skipping
Refreshing native plugins compatible for Editor in 0.91 ms, found 2 plugins.
Preloading 0 native plugins for Editor in 0.00 ms.
Unloading 1660 Unused Serialized files (Serialized files now loaded: 0)
System memory in use before: 170.3 MB.
System memory in use after: 170.4 MB.

Unloading 16 unused Assets to reduce memory usage. Loaded Objects now: 2156.
Total: 4.691900 ms (FindLiveObjects: 0.225700 ms CreateObjectMapping: 0.104300 ms MarkObjects: 4.315300 ms  DeleteObjects: 0.045200 ms)

AssetImportParameters requested are different than current active one (requested -> active):
  custom:framework-win-MediaFoundation: 216162199b28c13a410421893ffa2e32 -> 
  custom:video-decoder-ogg-theora: a1e56fd34408186e4bbccfd4996cb3dc -> 
  custom:container-muxer-webm: aa71ff27fc2769a1b78a27578f13a17b -> 
  custom:container-demuxer-webm: 4f35f7cbe854078d1ac9338744f61a02 -> 
  custom:container-demuxer-ogg: 62fdf1f143b41e24485cea50d1cbac27 -> 
  custom:video-encoder-webm-vp8: eb34c28f22e8b96e1ab97ce403110664 -> 
  custom:video-decoder-webm-vp8: 9c59270c3fd7afecdb556c50c9e8de78 -> 
  custom:audio-decoder-ogg-vorbis: bf7c407c2cedff20999df2af8eb42d56 -> 
  custom:audio-encoder-webm-vorbis: bf7c407c2cedff20999df2af8eb42d56 -> 
========================================================================
Received Prepare
Registering precompiled user dll's ...
Registered in 0.009500 seconds.
Begin MonoManager ReloadAssembly
Native extension for WindowsStandalone target not found
Refreshing native plugins compatible for Editor in 0.53 ms, found 2 plugins.
Preloading 0 native plugins for Editor in 0.00 ms.
Mono: successfully reloaded assembly
- Completed reload, in  4.879 seconds
Domain Reload Profiling:
	ReloadAssembly (4880ms)
		BeginReloadAssembly (503ms)
			ExecutionOrderSort (0ms)
			DisableScriptedObjects (16ms)
			BackupInstance (0ms)
			ReleaseScriptingObjects (0ms)
			CreateAndSetChildDomain (71ms)
		EndReloadAssembly (4091ms)
			LoadAssemblies (474ms)
			RebuildTransferFunctionScriptingTraits (0ms)
			SetupTypeCache (2720ms)
			ReleaseScriptCaches (1ms)
			RebuildScriptCaches (127ms)
			SetupLoadedEditorAssemblies (634ms)
				LogAssemblyErrors (0ms)
				InitializePlatformSupportModulesInManaged (11ms)
				SetLoadedEditorAssemblies (1ms)
				RefreshPlugins (1ms)
				BeforeProcessingInitializeOnLoad (140ms)
				ProcessInitializeOnLoadAttributes (428ms)
				ProcessInitializeOnLoadMethodAttributes (26ms)
				AfterProcessingInitializeOnLoad (25ms)
				EditorAssembliesLoaded (1ms)
			ExecutionOrderSort2 (0ms)
			AwakeInstancesAfterBackupRestoration (29ms)
Platform modules already initialized, skipping
Refreshing native plugins compatible for Editor in 0.97 ms, found 2 plugins.
Preloading 0 native plugins for Editor in 0.00 ms.
Unloading 1660 Unused Serialized files (Serialized files now loaded: 0)
System memory in use before: 170.4 MB.
System memory in use after: 170.5 MB.

Unloading 14 unused Assets to reduce memory usage. Loaded Objects now: 2158.
Total: 4.510500 ms (FindLiveObjects: 0.249000 ms CreateObjectMapping: 0.106900 ms MarkObjects: 4.123500 ms  DeleteObjects: 0.029500 ms)

AssetImportParameters requested are different than current active one (requested -> active):
  custom:framework-win-MediaFoundation: 216162199b28c13a410421893ffa2e32 -> 
  custom:video-decoder-ogg-theora: a1e56fd34408186e4bbccfd4996cb3dc -> 
  custom:container-muxer-webm: aa71ff27fc2769a1b78a27578f13a17b -> 
  custom:container-demuxer-webm: 4f35f7cbe854078d1ac9338744f61a02 -> 
  custom:container-demuxer-ogg: 62fdf1f143b41e24485cea50d1cbac27 -> 
  custom:video-encoder-webm-vp8: eb34c28f22e8b96e1ab97ce403110664 -> 
  custom:video-decoder-webm-vp8: 9c59270c3fd7afecdb556c50c9e8de78 -> 
  custom:audio-decoder-ogg-vorbis: bf7c407c2cedff20999df2af8eb42d56 -> 
  custom:audio-encoder-webm-vorbis: bf7c407c2cedff20999df2af8eb42d56 -> 
========================================================================
Received Prepare
Refreshing native plugins compatible for Editor in 6.40 ms, found 2 plugins.
Preloading 0 native plugins for Editor in 0.00 ms.
Unloading 11 Unused Serialized files (Serialized files now loaded: 0)
System memory in use before: 137.5 MB.
System memory in use after: 137.6 MB.

Unloading 11 unused Assets to reduce memory usage. Loaded Objects now: 2158.
Total: 3.949400 ms (FindLiveObjects: 0.178100 ms CreateObjectMapping: 0.074700 ms MarkObjects: 3.674200 ms  DeleteObjects: 0.021300 ms)

AssetImportParameters requested are different than current active one (requested -> active):
  custom:framework-win-MediaFoundation: 216162199b28c13a410421893ffa2e32 -> 
  custom:video-decoder-ogg-theora: a1e56fd34408186e4bbccfd4996cb3dc -> 
  custom:container-muxer-webm: aa71ff27fc2769a1b78a27578f13a17b -> 
  custom:container-demuxer-webm: 4f35f7cbe854078d1ac9338744f61a02 -> 
  custom:container-demuxer-ogg: 62fdf1f143b41e24485cea50d1cbac27 -> 
  custom:video-encoder-webm-vp8: eb34c28f22e8b96e1ab97ce403110664 -> 
  custom:video-decoder-webm-vp8: 9c59270c3fd7afecdb556c50c9e8de78 -> 
  custom:audio-decoder-ogg-vorbis: bf7c407c2cedff20999df2af8eb42d56 -> 
  custom:audio-encoder-webm-vorbis: bf7c407c2cedff20999df2af8eb42d56 -> 
AssetImportWorkerClient::OnTransportError - code=2 error=End of file
